<?xml version="1.0" encoding="UTF-8"?>
<!-- Generated by org.testng.reporters.JUnitXMLReporter -->
<testsuite ignored="1" hostname="DESKTOP-QDVRERG" failures="0" tests="3" name="Chrome Browser Test" time="34.203" errors="0" timestamp="22 May 2022 08:14:47 GMT">
  <testcase classname="executeClass.ExecuteLoginPage" name="verifyTheLoginPageLogo" time="0.166"/>
  <testcase classname="executeClass.ExecuteLoginPage" name="isRememberMeCheckBoxSelected" time="0.058"/>
  <testcase classname="executeClass.ExecuteLoginPage" name="verifySuccessfullLogin" time="5.114"/>
  <testcase classname="executeClass.ExecuteLoginPage" name="verifyUnsuccessfulLogin" time="0.0">
    <ignored/>
  </testcase> <!-- verifyUnsuccessfulLogin -->
</testsuite> <!-- Chrome Browser Test -->
