<?xml version="1.0" encoding="UTF-8"?>
<testng-results ignored="5" total="6" passed="1" failed="0" skipped="0">
  <reporter-output>
  </reporter-output>
  <suite started-at="2022-05-18T12:27:45 IST" name="Default suite" finished-at="2022-05-18T12:28:07 IST" duration-ms="21965">
    <groups>
    </groups>
    <test started-at="2022-05-18T12:27:45 IST" name="Default test" finished-at="2022-05-18T12:28:07 IST" duration-ms="21965">
      <class name="executeClass.ExecuteDashBoardPage">
        <test-method is-config="true" signature="beforeMethod()[pri:0, instance:executeClass.ExecuteDashBoardPage@4e096385]" started-at="2022-05-18T12:27:45 IST" name="beforeMethod" finished-at="2022-05-18T12:28:01 IST" duration-ms="15782" status="PASS">
          <reporter-output>
          </reporter-output>
        </test-method> <!-- beforeMethod -->
        <test-method signature="verifyTheUserID()[pri:0, instance:executeClass.ExecuteDashBoardPage@4e096385]" started-at="2022-05-18T12:28:01 IST" name="verifyTheUserID" finished-at="2022-05-18T12:28:04 IST" duration-ms="3005" status="PASS">
          <reporter-output>
          </reporter-output>
        </test-method> <!-- verifyTheUserID -->
        <test-method is-config="true" signature="afterMethod(org.testng.ITestResult)[pri:0, instance:executeClass.ExecuteDashBoardPage@4e096385]" started-at="2022-05-18T12:28:04 IST" name="afterMethod" finished-at="2022-05-18T12:28:07 IST" duration-ms="3078" status="PASS">
          <params>
            <param index="0">
              <value>
                <![CDATA[[TestResult name=verifyTheUserID status=SUCCESS method=ExecuteDashBoardPage.verifyTheUserID()[pri:0, instance:executeClass.ExecuteDashBoardPage@4e096385] output={null}]]]>
              </value>
            </param>
          </params>
          <reporter-output>
          </reporter-output>
        </test-method> <!-- afterMethod -->
      </class> <!-- executeClass.ExecuteDashBoardPage -->
    </test> <!-- Default test -->
  </suite> <!-- Default suite -->
</testng-results>
