<?xml version="1.0" encoding="UTF-8"?>
<testng-results ignored="1" total="4" passed="3" failed="0" skipped="0">
  <reporter-output>
  </reporter-output>
  <suite started-at="2022-05-22T08:14:12Z" name="Cross Browser Test Suite" finished-at="2022-05-22T08:14:47Z" duration-ms="34203">
    <groups>
    </groups>
    <test started-at="2022-05-22T08:14:12Z" name="Edge Browser Test" finished-at="2022-05-22T08:14:12Z" duration-ms="16">
    </test> <!-- Edge Browser Test -->
    <test started-at="2022-05-22T08:14:12Z" name="Chrome Browser Test" finished-at="2022-05-22T08:14:47Z" duration-ms="34203">
      <class name="executeClass.ExecuteLoginPage">
        <test-method is-config="true" signature="beforeMethod(java.lang.String)[pri:0, instance:executeClass.ExecuteLoginPage@c7ba306]" started-at="2022-05-22T08:14:12Z" name="beforeMethod" finished-at="2022-05-22T08:14:25Z" duration-ms="12577" status="PASS">
          <params>
            <param index="0">
              <value>
                <![CDATA[chrome]]>
              </value>
            </param>
          </params>
          <reporter-output>
          </reporter-output>
        </test-method> <!-- beforeMethod -->
        <test-method signature="verifyTheLoginPageLogo()[pri:0, instance:executeClass.ExecuteLoginPage@c7ba306]" started-at="2022-05-22T08:14:25Z" name="verifyTheLoginPageLogo" finished-at="2022-05-22T08:14:25Z" duration-ms="166" status="PASS">
          <reporter-output>
          </reporter-output>
        </test-method> <!-- verifyTheLoginPageLogo -->
        <test-method is-config="true" signature="afterMethod(org.testng.ITestResult)[pri:0, instance:executeClass.ExecuteLoginPage@c7ba306]" started-at="2022-05-22T08:14:25Z" name="afterMethod" finished-at="2022-05-22T08:14:26Z" duration-ms="802" status="PASS">
          <params>
            <param index="0">
              <value>
                <![CDATA[[TestResult name=verifyTheLoginPageLogo status=SUCCESS method=ExecuteLoginPage.verifyTheLoginPageLogo()[pri:0, instance:executeClass.ExecuteLoginPage@c7ba306] output={null}]]]>
              </value>
            </param>
          </params>
          <reporter-output>
          </reporter-output>
        </test-method> <!-- afterMethod -->
        <test-method is-config="true" signature="beforeMethod(java.lang.String)[pri:0, instance:executeClass.ExecuteLoginPage@c7ba306]" started-at="2022-05-22T08:14:26Z" name="beforeMethod" finished-at="2022-05-22T08:14:34Z" duration-ms="8007" status="PASS">
          <params>
            <param index="0">
              <value>
                <![CDATA[chrome]]>
              </value>
            </param>
          </params>
          <reporter-output>
          </reporter-output>
        </test-method> <!-- beforeMethod -->
        <test-method signature="isRememberMeCheckBoxSelected()[pri:1, instance:executeClass.ExecuteLoginPage@c7ba306]" started-at="2022-05-22T08:14:34Z" name="isRememberMeCheckBoxSelected" finished-at="2022-05-22T08:14:34Z" duration-ms="58" status="PASS">
          <reporter-output>
          </reporter-output>
        </test-method> <!-- isRememberMeCheckBoxSelected -->
        <test-method is-config="true" signature="afterMethod(org.testng.ITestResult)[pri:0, instance:executeClass.ExecuteLoginPage@c7ba306]" started-at="2022-05-22T08:14:34Z" name="afterMethod" finished-at="2022-05-22T08:14:35Z" duration-ms="806" status="PASS">
          <params>
            <param index="0">
              <value>
                <![CDATA[[TestResult name=isRememberMeCheckBoxSelected status=SUCCESS method=ExecuteLoginPage.isRememberMeCheckBoxSelected()[pri:1, instance:executeClass.ExecuteLoginPage@c7ba306] output={null}]]]>
              </value>
            </param>
          </params>
          <reporter-output>
          </reporter-output>
        </test-method> <!-- afterMethod -->
        <test-method is-config="true" signature="beforeMethod(java.lang.String)[pri:0, instance:executeClass.ExecuteLoginPage@c7ba306]" started-at="2022-05-22T08:14:35Z" name="beforeMethod" finished-at="2022-05-22T08:14:40Z" duration-ms="5547" status="PASS">
          <params>
            <param index="0">
              <value>
                <![CDATA[chrome]]>
              </value>
            </param>
          </params>
          <reporter-output>
          </reporter-output>
        </test-method> <!-- beforeMethod -->
        <test-method signature="verifySuccessfullLogin()[pri:3, instance:executeClass.ExecuteLoginPage@c7ba306]" started-at="2022-05-22T08:14:40Z" name="verifySuccessfullLogin" finished-at="2022-05-22T08:14:46Z" duration-ms="5114" status="PASS">
          <reporter-output>
          </reporter-output>
        </test-method> <!-- verifySuccessfullLogin -->
        <test-method is-config="true" signature="afterMethod(org.testng.ITestResult)[pri:0, instance:executeClass.ExecuteLoginPage@c7ba306]" started-at="2022-05-22T08:14:46Z" name="afterMethod" finished-at="2022-05-22T08:14:47Z" duration-ms="1008" status="PASS">
          <params>
            <param index="0">
              <value>
                <![CDATA[[TestResult name=verifySuccessfullLogin status=SUCCESS method=ExecuteLoginPage.verifySuccessfullLogin()[pri:3, instance:executeClass.ExecuteLoginPage@c7ba306] output={null}]]]>
              </value>
            </param>
          </params>
          <reporter-output>
          </reporter-output>
        </test-method> <!-- afterMethod -->
      </class> <!-- executeClass.ExecuteLoginPage -->
    </test> <!-- Chrome Browser Test -->
  </suite> <!-- Cross Browser Test Suite -->
</testng-results>
