<?xml version="1.0" encoding="UTF-8"?>
<!-- Generated by org.testng.reporters.JUnitXMLReporter -->
<testsuite ignored="5" hostname="DESKTOP-QDVRERG" failures="0" tests="1" name="Default test" time="21.965" errors="0" timestamp="2022-05-18T12:28:07 IST">
  <testcase classname="executeClass.ExecuteDashBoardPage" name="verifyTheUserID" time="3.005"/>
  <testcase classname="executeClass.ExecuteDashBoardPage" name="isListUnderManageExpenseVisible" time="0.0">
    <ignored/>
  </testcase> <!-- isListUnderManageExpenseVisible -->
  <testcase classname="executeClass.ExecuteDashBoardPage" name="verifyHomeLinkRedirectsToHomePage" time="0.0">
    <ignored/>
  </testcase> <!-- verifyHomeLinkRedirectsToHomePage -->
  <testcase classname="executeClass.ExecuteDashBoardPage" name="verifyLabelExpenseCategoryAfterClickOnExpenseCategory" time="0.0">
    <ignored/>
  </testcase> <!-- verifyLabelExpenseCategoryAfterClickOnExpenseCategory -->
  <testcase classname="executeClass.ExecuteDashBoardPage" name="isLeftMenuVisibleAfterClickOnPushMenu" time="0.0">
    <ignored/>
  </testcase> <!-- isLeftMenuVisibleAfterClickOnPushMenu -->
  <testcase classname="executeClass.ExecuteDashBoardPage" name="isPushMenuEnabled" time="0.0">
    <ignored/>
  </testcase> <!-- isPushMenuEnabled -->
</testsuite> <!-- Default test -->
